[ 2017-11-22T11:09:19+08:00 ] 127.0.0.1 /market_test/Home/User/logout/name/gltt/password/123
INFO: [ app_init ] --START--
INFO: Run Behavior\BuildLiteBehavior [ RunTime:0.000000s ]
INFO: [ app_init ] --END-- [ RunTime:0.002001s ]
INFO: [ app_begin ] --START--
INFO: Run Behavior\ReadHtmlCacheBehavior [ RunTime:0.001000s ]
INFO: [ app_begin ] --END-- [ RunTime:0.001000s ]
NOTIC: [8192] mysql_connect(): The mysql extension is deprecated and will be removed in the future: use mysqli or PDO instead D:\genglintong\glt\market\market_test\ThinkPHP\Library\Think\Db\Driver\Mysql.class.php 第 52 行.
SQL: SHOW COLUMNS FROM `market_user` [ RunTime:0.043002s ]
SQL: SELECT `name`,`vol`,`is_sale` FROM `market_user` WHERE `name` = 'gltt' AND `password` = '202cb962ac59075b964b07152d234b70'  [ RunTime:0.042002s ]

[ 2017-11-22T11:09:19+08:00 ] 127.0.0.1 /market_test/Home/User/logout/name/gltt/password/123
INFO: [ app_init ] --START--
INFO: Run Behavior\BuildLiteBehavior [ RunTime:0.001000s ]
INFO: [ app_init ] --END-- [ RunTime:0.001000s ]
INFO: [ app_begin ] --START--
INFO: Run Behavior\ReadHtmlCacheBehavior [ RunTime:0.000000s ]
INFO: [ app_begin ] --END-- [ RunTime:0.001000s ]
NOTIC: [8192] mysql_connect(): The mysql extension is deprecated and will be removed in the future: use mysqli or PDO instead D:\genglintong\glt\market\market_test\ThinkPHP\Library\Think\Db\Driver\Mysql.class.php 第 52 行.
SQL: SHOW COLUMNS FROM `market_user` [ RunTime:0.043002s ]
SQL: SELECT `name`,`vol`,`is_sale` FROM `market_user` WHERE `name` = 'gltt' AND `password` = '202cb962ac59075b964b07152d234b70'  [ RunTime:0.042003s ]

[ 2017-11-22T11:10:06+08:00 ] 127.0.0.1 /market_test/Home/User/logout/name/gltt/password/123
INFO: [ app_init ] --START--
INFO: Run Behavior\BuildLiteBehavior [ RunTime:0.000000s ]
INFO: [ app_init ] --END-- [ RunTime:0.000000s ]
INFO: [ app_begin ] --START--
INFO: Run Behavior\ReadHtmlCacheBehavior [ RunTime:0.001000s ]
INFO: [ app_begin ] --END-- [ RunTime:0.001000s ]
NOTIC: [8192] mysql_connect(): The mysql extension is deprecated and will be removed in the future: use mysqli or PDO instead D:\genglintong\glt\market\market_test\ThinkPHP\Library\Think\Db\Driver\Mysql.class.php 第 52 行.
SQL: SHOW COLUMNS FROM `market_user` [ RunTime:0.041002s ]
SQL: SELECT `name`,`vol`,`is_sale` FROM `market_user` WHERE `name` = 'gltt' AND `password` = '202cb962ac59075b964b07152d234b70'  [ RunTime:0.040003s ]

