[ 2017-11-21T11:56:54+08:00 ] 127.0.0.1 /market_test/
INFO: [ app_init ] --START--
INFO: Run Behavior\BuildLiteBehavior [ RunTime:0.000000s ]
INFO: [ app_init ] --END-- [ RunTime:0.003001s ]
INFO: [ app_begin ] --START--
INFO: Run Behavior\ReadHtmlCacheBehavior [ RunTime:0.001000s ]
INFO: [ app_begin ] --END-- [ RunTime:0.001000s ]
NOTIC: [8] Undefined variable: sex D:\genglintong\glt\market\market_test\Application\Home\Controller\IndexController.class.php 第 19 行.

[ 2017-11-21T11:56:54+08:00 ] 127.0.0.1 /market_test/
INFO: [ app_init ] --START--
INFO: Run Behavior\BuildLiteBehavior [ RunTime:0.000000s ]
INFO: [ app_init ] --END-- [ RunTime:0.000000s ]
INFO: [ app_begin ] --START--
INFO: Run Behavior\ReadHtmlCacheBehavior [ RunTime:0.000000s ]
INFO: [ app_begin ] --END-- [ RunTime:0.000000s ]
NOTIC: [8] Undefined variable: sex D:\genglintong\glt\market\market_test\Application\Home\Controller\IndexController.class.php 第 19 行.

[ 2017-11-21T11:57:17+08:00 ] 127.0.0.1 /market_test/Home
INFO: [ app_init ] --START--
INFO: Run Behavior\BuildLiteBehavior [ RunTime:0.000000s ]
INFO: [ app_init ] --END-- [ RunTime:0.001000s ]
INFO: [ app_begin ] --START--
INFO: Run Behavior\ReadHtmlCacheBehavior [ RunTime:0.001000s ]
INFO: [ app_begin ] --END-- [ RunTime:0.001000s ]
NOTIC: [8] Undefined variable: sex D:\genglintong\glt\market\market_test\Application\Home\Controller\IndexController.class.php 第 19 行.

[ 2017-11-21T11:57:17+08:00 ] 127.0.0.1 /market_test/Home
INFO: [ app_init ] --START--
INFO: Run Behavior\BuildLiteBehavior [ RunTime:0.000000s ]
INFO: [ app_init ] --END-- [ RunTime:0.002500s ]
INFO: [ app_begin ] --START--
INFO: Run Behavior\ReadHtmlCacheBehavior [ RunTime:0.000000s ]
INFO: [ app_begin ] --END-- [ RunTime:0.000000s ]
NOTIC: [8] Undefined variable: sex D:\genglintong\glt\market\market_test\Application\Home\Controller\IndexController.class.php 第 19 行.

[ 2017-11-21T11:57:22+08:00 ] 127.0.0.1 /market_test/Home/Test
INFO: [ app_init ] --START--
INFO: Run Behavior\BuildLiteBehavior [ RunTime:0.000000s ]
INFO: [ app_init ] --END-- [ RunTime:0.000000s ]
INFO: [ app_begin ] --START--
INFO: Run Behavior\ReadHtmlCacheBehavior [ RunTime:0.000000s ]
INFO: [ app_begin ] --END-- [ RunTime:0.000000s ]
ERR: 无法加载控制器:Test

[ 2017-11-21T11:57:27+08:00 ] 127.0.0.1 /market_test/Home/Index
INFO: [ app_init ] --START--
INFO: Run Behavior\BuildLiteBehavior [ RunTime:0.000000s ]
INFO: [ app_init ] --END-- [ RunTime:0.001000s ]
INFO: [ app_begin ] --START--
INFO: Run Behavior\ReadHtmlCacheBehavior [ RunTime:0.000000s ]
INFO: [ app_begin ] --END-- [ RunTime:0.001000s ]
NOTIC: [8] Undefined variable: sex D:\genglintong\glt\market\market_test\Application\Home\Controller\IndexController.class.php 第 19 行.

[ 2017-11-21T11:57:27+08:00 ] 127.0.0.1 /market_test/Home/Index
INFO: [ app_init ] --START--
INFO: Run Behavior\BuildLiteBehavior [ RunTime:0.000000s ]
INFO: [ app_init ] --END-- [ RunTime:0.000000s ]
INFO: [ app_begin ] --START--
INFO: Run Behavior\ReadHtmlCacheBehavior [ RunTime:0.000000s ]
INFO: [ app_begin ] --END-- [ RunTime:0.000000s ]
NOTIC: [8] Undefined variable: sex D:\genglintong\glt\market\market_test\Application\Home\Controller\IndexController.class.php 第 19 行.

[ 2017-11-21T11:57:31+08:00 ] 127.0.0.1 /market_test/Home/Index/test
INFO: [ app_init ] --START--
INFO: Run Behavior\BuildLiteBehavior [ RunTime:0.000000s ]
INFO: [ app_init ] --END-- [ RunTime:0.000000s ]
INFO: [ app_begin ] --START--
INFO: Run Behavior\ReadHtmlCacheBehavior [ RunTime:0.002500s ]
INFO: [ app_begin ] --END-- [ RunTime:0.002500s ]
NOTIC: [8192] mysql_connect(): The mysql extension is deprecated and will be removed in the future: use mysqli or PDO instead D:\genglintong\glt\market\market_test\ThinkPHP\Library\Think\Db\Driver\Mysql.class.php 第 52 行.
NOTIC: [2] mysql_connect(): Access denied for user 'root'@'localhost' (using password: NO) D:\genglintong\glt\market\market_test\ThinkPHP\Library\Think\Db\Driver\Mysql.class.php 第 52 行.
ERR: Access denied for user 'root'@'localhost' (using password: NO)

[ 2017-11-21T12:02:06+08:00 ] 127.0.0.1 /market_test/Home/Index/test
INFO: [ app_init ] --START--
INFO: Run Behavior\BuildLiteBehavior [ RunTime:0.000000s ]
INFO: [ app_init ] --END-- [ RunTime:0.001000s ]
INFO: [ app_begin ] --START--
INFO: Run Behavior\ReadHtmlCacheBehavior [ RunTime:0.003000s ]
INFO: [ app_begin ] --END-- [ RunTime:0.003000s ]
NOTIC: [8192] mysql_connect(): The mysql extension is deprecated and will be removed in the future: use mysqli or PDO instead D:\genglintong\glt\market\market_test\ThinkPHP\Library\Think\Db\Driver\Mysql.class.php 第 52 行.
NOTIC: [2] mysql_connect(): Access denied for user 'root'@'106.120.206.201' (using password: NO) D:\genglintong\glt\market\market_test\ThinkPHP\Library\Think\Db\Driver\Mysql.class.php 第 52 行.
ERR: Access denied for user 'root'@'106.120.206.201' (using password: NO)

[ 2017-11-21T12:02:35+08:00 ] 127.0.0.1 /market_test/Home/Index/test
INFO: [ app_init ] --START--
INFO: Run Behavior\BuildLiteBehavior [ RunTime:0.001000s ]
INFO: [ app_init ] --END-- [ RunTime:0.001000s ]
INFO: [ app_begin ] --START--
INFO: Run Behavior\ReadHtmlCacheBehavior [ RunTime:0.001000s ]
INFO: [ app_begin ] --END-- [ RunTime:0.001000s ]
NOTIC: [8192] mysql_connect(): The mysql extension is deprecated and will be removed in the future: use mysqli or PDO instead D:\genglintong\glt\market\market_test\ThinkPHP\Library\Think\Db\Driver\Mysql.class.php 第 52 行.
SQL: SHOW COLUMNS FROM `think_index` [ RunTime:0.042003s ]
ERR: 1146:Table 'market.think_index' doesn't exist
 [ SQL语句 ] : SHOW COLUMNS FROM `think_index`
SQL: SELECT * FROM `think_index` WHERE `name` = 'genglintong'  [ RunTime:0.042002s ]
ERR: 1146:Table 'market.think_index' doesn't exist
 [ SQL语句 ] : SELECT * FROM `think_index` WHERE `name` = 'genglintong' 

[ 2017-11-21T12:06:26+08:00 ] 127.0.0.1 /market_test/Home/Index/test
INFO: [ app_init ] --START--
INFO: Run Behavior\BuildLiteBehavior [ RunTime:0.000000s ]
INFO: [ app_init ] --END-- [ RunTime:0.001000s ]
INFO: [ app_begin ] --START--
INFO: Run Behavior\ReadHtmlCacheBehavior [ RunTime:0.002000s ]
INFO: [ app_begin ] --END-- [ RunTime:0.002000s ]
NOTIC: [8192] mysql_connect(): The mysql extension is deprecated and will be removed in the future: use mysqli or PDO instead D:\genglintong\glt\market\market_test\ThinkPHP\Library\Think\Db\Driver\Mysql.class.php 第 52 行.
SQL: SHOW COLUMNS FROM `think_index` [ RunTime:0.042002s ]
ERR: 1146:Table 'market.think_index' doesn't exist
 [ SQL语句 ] : SHOW COLUMNS FROM `think_index`
SQL: SELECT * FROM `think_index` WHERE `name` = 'genglintong'  [ RunTime:0.041003s ]
ERR: 1146:Table 'market.think_index' doesn't exist
 [ SQL语句 ] : SELECT * FROM `think_index` WHERE `name` = 'genglintong' 

[ 2017-11-21T12:08:44+08:00 ] 127.0.0.1 /market_test/Home/Index/test
INFO: [ app_init ] --START--
INFO: Run Behavior\BuildLiteBehavior [ RunTime:0.000000s ]
INFO: [ app_init ] --END-- [ RunTime:0.000000s ]
INFO: [ app_begin ] --START--
INFO: Run Behavior\ReadHtmlCacheBehavior [ RunTime:0.001000s ]
INFO: [ app_begin ] --END-- [ RunTime:0.001000s ]
NOTIC: [8192] mysql_connect(): The mysql extension is deprecated and will be removed in the future: use mysqli or PDO instead D:\genglintong\glt\market\market_test\ThinkPHP\Library\Think\Db\Driver\Mysql.class.php 第 52 行.
SQL: SHOW COLUMNS FROM `think_index` [ RunTime:0.041002s ]
ERR: 1146:Table 'market.think_index' doesn't exist
 [ SQL语句 ] : SHOW COLUMNS FROM `think_index`
SQL: SELECT * FROM `think_index` WHERE `name` = 'genglintong'  [ RunTime:0.042003s ]
ERR: 1146:Table 'market.think_index' doesn't exist
 [ SQL语句 ] : SELECT * FROM `think_index` WHERE `name` = 'genglintong' 

[ 2017-11-21T12:09:37+08:00 ] 127.0.0.1 /market_test/Home/Index/test
INFO: [ app_init ] --START--
INFO: Run Behavior\BuildLiteBehavior [ RunTime:0.000000s ]
INFO: [ app_init ] --END-- [ RunTime:0.001000s ]
INFO: [ app_begin ] --START--
INFO: Run Behavior\ReadHtmlCacheBehavior [ RunTime:0.001001s ]
INFO: [ app_begin ] --END-- [ RunTime:0.001001s ]
NOTIC: [8192] mysql_connect(): The mysql extension is deprecated and will be removed in the future: use mysqli or PDO instead D:\genglintong\glt\market\market_test\ThinkPHP\Library\Think\Db\Driver\Mysql.class.php 第 52 行.
SQL: SHOW COLUMNS FROM `think_index` [ RunTime:0.045003s ]
ERR: 1146:Table 'market.think_index' doesn't exist
 [ SQL语句 ] : SHOW COLUMNS FROM `think_index`
SQL: SELECT * FROM `think_index` WHERE `name` = 'genglintong'  [ RunTime:0.046002s ]
ERR: 1146:Table 'market.think_index' doesn't exist
 [ SQL语句 ] : SELECT * FROM `think_index` WHERE `name` = 'genglintong' 
SQL: SELECT COUNT(*) AS tp_count FROM `think_index` LIMIT 1   [ RunTime:0.042002s ]
ERR: 1146:Table 'market.think_index' doesn't exist
 [ SQL语句 ] : SELECT COUNT(*) AS tp_count FROM `think_index` LIMIT 1  

[ 2017-11-21T12:13:45+08:00 ] 127.0.0.1 /market_test/Home/Index/test
INFO: [ app_init ] --START--
INFO: Run Behavior\BuildLiteBehavior [ RunTime:0.000000s ]
INFO: [ app_init ] --END-- [ RunTime:0.001000s ]
INFO: [ app_begin ] --START--
INFO: Run Behavior\ReadHtmlCacheBehavior [ RunTime:0.001000s ]
INFO: [ app_begin ] --END-- [ RunTime:0.001000s ]
NOTIC: [8192] mysql_connect(): The mysql extension is deprecated and will be removed in the future: use mysqli or PDO instead D:\genglintong\glt\market\market_test\ThinkPHP\Library\Think\Db\Driver\Mysql.class.php 第 52 行.
SQL: SHOW COLUMNS FROM `market_index` [ RunTime:0.043002s ]
ERR: 1146:Table 'market.market_index' doesn't exist
 [ SQL语句 ] : SHOW COLUMNS FROM `market_index`
SQL: SELECT * FROM `market_index` WHERE `name` = 'genglintong'  [ RunTime:0.041003s ]
ERR: 1146:Table 'market.market_index' doesn't exist
 [ SQL语句 ] : SELECT * FROM `market_index` WHERE `name` = 'genglintong' 
SQL: SELECT COUNT(*) AS tp_count FROM `market_index` LIMIT 1   [ RunTime:0.040002s ]
ERR: 1146:Table 'market.market_index' doesn't exist
 [ SQL语句 ] : SELECT COUNT(*) AS tp_count FROM `market_index` LIMIT 1  

[ 2017-11-21T12:14:56+08:00 ] 127.0.0.1 /market_test/Home/User/test
INFO: [ app_init ] --START--
INFO: Run Behavior\BuildLiteBehavior [ RunTime:0.000000s ]
INFO: [ app_init ] --END-- [ RunTime:0.001000s ]
INFO: [ app_begin ] --START--
INFO: Run Behavior\ReadHtmlCacheBehavior [ RunTime:0.001000s ]
INFO: [ app_begin ] --END-- [ RunTime:0.001000s ]
NOTIC: [8192] mysql_connect(): The mysql extension is deprecated and will be removed in the future: use mysqli or PDO instead D:\genglintong\glt\market\market_test\ThinkPHP\Library\Think\Db\Driver\Mysql.class.php 第 52 行.
SQL: SHOW COLUMNS FROM `market_index` [ RunTime:0.045002s ]
ERR: 1146:Table 'market.market_index' doesn't exist
 [ SQL语句 ] : SHOW COLUMNS FROM `market_index`
SQL: SELECT * FROM `market_index` WHERE `name` = 'genglintong'  [ RunTime:0.046003s ]
ERR: 1146:Table 'market.market_index' doesn't exist
 [ SQL语句 ] : SELECT * FROM `market_index` WHERE `name` = 'genglintong' 
SQL: SELECT COUNT(*) AS tp_count FROM `market_index` LIMIT 1   [ RunTime:0.046003s ]
ERR: 1146:Table 'market.market_index' doesn't exist
 [ SQL语句 ] : SELECT COUNT(*) AS tp_count FROM `market_index` LIMIT 1  

[ 2017-11-21T12:17:42+08:00 ] 127.0.0.1 /market_test/Home/User/test
INFO: [ app_init ] --START--
INFO: Run Behavior\BuildLiteBehavior [ RunTime:0.000000s ]
INFO: [ app_init ] --END-- [ RunTime:0.001000s ]
INFO: [ app_begin ] --START--
INFO: Run Behavior\ReadHtmlCacheBehavior [ RunTime:0.001000s ]
INFO: [ app_begin ] --END-- [ RunTime:0.001000s ]
NOTIC: [8192] mysql_connect(): The mysql extension is deprecated and will be removed in the future: use mysqli or PDO instead D:\genglintong\glt\market\market_test\ThinkPHP\Library\Think\Db\Driver\Mysql.class.php 第 52 行.
SQL: SHOW COLUMNS FROM `market_index` [ RunTime:0.039002s ]
ERR: 1146:Table 'market.market_index' doesn't exist
 [ SQL语句 ] : SHOW COLUMNS FROM `market_index`
NOTIC: [8] Undefined variable: fields D:\genglintong\glt\market\market_test\Application\Home\Controller\UserController.class.php 第 31 行.
SQL: SELECT * FROM `market_index`  [ RunTime:0.040002s ]
ERR: 1146:Table 'market.market_index' doesn't exist
 [ SQL语句 ] : SELECT * FROM `market_index` 
SQL: SELECT COUNT(*) AS tp_count FROM `market_index` LIMIT 1   [ RunTime:0.040003s ]
ERR: 1146:Table 'market.market_index' doesn't exist
 [ SQL语句 ] : SELECT COUNT(*) AS tp_count FROM `market_index` LIMIT 1  

[ 2017-11-21T12:18:58+08:00 ] 127.0.0.1 /market_test/Home/User/test
INFO: [ app_init ] --START--
INFO: Run Behavior\BuildLiteBehavior [ RunTime:0.000000s ]
INFO: [ app_init ] --END-- [ RunTime:0.001000s ]
INFO: [ app_begin ] --START--
INFO: Run Behavior\ReadHtmlCacheBehavior [ RunTime:0.001000s ]
INFO: [ app_begin ] --END-- [ RunTime:0.002000s ]
NOTIC: [8192] mysql_connect(): The mysql extension is deprecated and will be removed in the future: use mysqli or PDO instead D:\genglintong\glt\market\market_test\ThinkPHP\Library\Think\Db\Driver\Mysql.class.php 第 52 行.
SQL: SHOW COLUMNS FROM `market_user` [ RunTime:0.043002s ]
NOTIC: [8] Undefined variable: fields D:\genglintong\glt\market\market_test\Application\Home\Controller\UserController.class.php 第 31 行.
SQL: SELECT * FROM `market_user`  [ RunTime:0.042003s ]
SQL: SELECT COUNT(*) AS tp_count FROM `market_user` LIMIT 1   [ RunTime:0.043002s ]

[ 2017-11-21T12:19:17+08:00 ] 127.0.0.1 /market_test/Home/User/test
INFO: [ app_init ] --START--
INFO: Run Behavior\BuildLiteBehavior [ RunTime:0.000000s ]
INFO: [ app_init ] --END-- [ RunTime:0.001000s ]
INFO: [ app_begin ] --START--
INFO: Run Behavior\ReadHtmlCacheBehavior [ RunTime:0.000000s ]
INFO: [ app_begin ] --END-- [ RunTime:0.001000s ]
NOTIC: [8192] mysql_connect(): The mysql extension is deprecated and will be removed in the future: use mysqli or PDO instead D:\genglintong\glt\market\market_test\ThinkPHP\Library\Think\Db\Driver\Mysql.class.php 第 52 行.
SQL: SHOW COLUMNS FROM `market_user` [ RunTime:0.042002s ]
SQL: SELECT * FROM `market_user` WHERE `name` = 'genglintong'  [ RunTime:0.041003s ]

[ 2017-11-21T12:19:18+08:00 ] 127.0.0.1 /market_test/Home/User/test
INFO: [ app_init ] --START--
INFO: Run Behavior\BuildLiteBehavior [ RunTime:0.000000s ]
INFO: [ app_init ] --END-- [ RunTime:0.001000s ]
INFO: [ app_begin ] --START--
INFO: Run Behavior\ReadHtmlCacheBehavior [ RunTime:0.000000s ]
INFO: [ app_begin ] --END-- [ RunTime:0.000000s ]
NOTIC: [8192] mysql_connect(): The mysql extension is deprecated and will be removed in the future: use mysqli or PDO instead D:\genglintong\glt\market\market_test\ThinkPHP\Library\Think\Db\Driver\Mysql.class.php 第 52 行.
SQL: SHOW COLUMNS FROM `market_user` [ RunTime:0.044003s ]
SQL: SELECT * FROM `market_user` WHERE `name` = 'genglintong'  [ RunTime:0.041002s ]

[ 2017-11-21T18:36:17+08:00 ] 127.0.0.1 /market_test/
INFO: [ app_init ] --START--
INFO: Run Behavior\BuildLiteBehavior [ RunTime:0.000000s ]
INFO: [ app_init ] --END-- [ RunTime:0.003000s ]
INFO: [ app_begin ] --START--
INFO: Run Behavior\ReadHtmlCacheBehavior [ RunTime:0.002000s ]
INFO: [ app_begin ] --END-- [ RunTime:0.002000s ]
NOTIC: [8] Undefined variable: sex D:\genglintong\glt\market\market_test\Application\Home\Controller\IndexController.class.php 第 19 行.

[ 2017-11-21T18:36:17+08:00 ] 127.0.0.1 /market_test/
INFO: [ app_init ] --START--
INFO: Run Behavior\BuildLiteBehavior [ RunTime:0.000000s ]
INFO: [ app_init ] --END-- [ RunTime:0.001000s ]
INFO: [ app_begin ] --START--
INFO: Run Behavior\ReadHtmlCacheBehavior [ RunTime:0.002001s ]
INFO: [ app_begin ] --END-- [ RunTime:0.002001s ]
NOTIC: [8] Undefined variable: sex D:\genglintong\glt\market\market_test\Application\Home\Controller\IndexController.class.php 第 19 行.

[ 2017-11-21T19:08:53+08:00 ] 127.0.0.1 /market_test/Home/User/test
INFO: [ app_init ] --START--
INFO: Run Behavior\BuildLiteBehavior [ RunTime:0.001000s ]
INFO: [ app_init ] --END-- [ RunTime:0.001000s ]
INFO: [ app_begin ] --START--
INFO: Run Behavior\ReadHtmlCacheBehavior [ RunTime:0.000000s ]
INFO: [ app_begin ] --END-- [ RunTime:0.000000s ]
NOTIC: [8192] mysql_connect(): The mysql extension is deprecated and will be removed in the future: use mysqli or PDO instead D:\genglintong\glt\market\market_test\ThinkPHP\Library\Think\Db\Driver\Mysql.class.php 第 52 行.
SQL: SHOW COLUMNS FROM `market_user` [ RunTime:0.045003s ]
SQL: SELECT * FROM `market_user` WHERE `name` = 'genglintong'  [ RunTime:0.042002s ]

[ 2017-11-21T19:08:54+08:00 ] 127.0.0.1 /market_test/Home/User/test
INFO: [ app_init ] --START--
INFO: Run Behavior\BuildLiteBehavior [ RunTime:0.000000s ]
INFO: [ app_init ] --END-- [ RunTime:0.000000s ]
INFO: [ app_begin ] --START--
INFO: Run Behavior\ReadHtmlCacheBehavior [ RunTime:0.002001s ]
INFO: [ app_begin ] --END-- [ RunTime:0.002001s ]
NOTIC: [8192] mysql_connect(): The mysql extension is deprecated and will be removed in the future: use mysqli or PDO instead D:\genglintong\glt\market\market_test\ThinkPHP\Library\Think\Db\Driver\Mysql.class.php 第 52 行.
SQL: SHOW COLUMNS FROM `market_user` [ RunTime:0.042002s ]
SQL: SELECT * FROM `market_user` WHERE `name` = 'genglintong'  [ RunTime:0.042002s ]

[ 2017-11-21T19:09:00+08:00 ] 127.0.0.1 /market_test/Home/User/login
INFO: [ app_init ] --START--
INFO: Run Behavior\BuildLiteBehavior [ RunTime:0.000000s ]
INFO: [ app_init ] --END-- [ RunTime:0.000000s ]
INFO: [ app_begin ] --START--
INFO: Run Behavior\ReadHtmlCacheBehavior [ RunTime:0.000000s ]
INFO: [ app_begin ] --END-- [ RunTime:0.000000s ]
ERR: 参数错误或者未定义:name

[ 2017-11-21T19:09:19+08:00 ] 127.0.0.1 /market_test/Home/User/login/name/glt/password/123
INFO: [ app_init ] --START--
INFO: Run Behavior\BuildLiteBehavior [ RunTime:0.000000s ]
INFO: [ app_init ] --END-- [ RunTime:0.000000s ]
INFO: [ app_begin ] --START--
INFO: Run Behavior\ReadHtmlCacheBehavior [ RunTime:0.001000s ]
INFO: [ app_begin ] --END-- [ RunTime:0.001000s ]
NOTIC: [8192] mysql_connect(): The mysql extension is deprecated and will be removed in the future: use mysqli or PDO instead D:\genglintong\glt\market\market_test\ThinkPHP\Library\Think\Db\Driver\Mysql.class.php 第 52 行.
SQL: SHOW COLUMNS FROM `market_user` [ RunTime:0.048003s ]
SQL: INSERT INTO `market_user` (`name`,`password`,`is_sale`) VALUES ('glt','202cb962ac59075b964b07152d234b70',0) [ RunTime:0.074004s ]
INFO: [ app_end ] --START--
INFO: Run Behavior\ShowPageTraceBehavior [ RunTime:0.005000s ]
INFO: [ app_end ] --END-- [ RunTime:0.005000s ]

[ 2017-11-21T19:10:38+08:00 ] 127.0.0.1 /market_test/Home/User/login/name/glt/password/123
INFO: [ app_init ] --START--
INFO: Run Behavior\BuildLiteBehavior [ RunTime:0.000000s ]
INFO: [ app_init ] --END-- [ RunTime:0.001000s ]
INFO: [ app_begin ] --START--
INFO: Run Behavior\ReadHtmlCacheBehavior [ RunTime:0.001000s ]
INFO: [ app_begin ] --END-- [ RunTime:0.001000s ]
NOTIC: [8192] mysql_connect(): The mysql extension is deprecated and will be removed in the future: use mysqli or PDO instead D:\genglintong\glt\market\market_test\ThinkPHP\Library\Think\Db\Driver\Mysql.class.php 第 52 行.
SQL: SHOW COLUMNS FROM `market_user` [ RunTime:0.043003s ]
SQL: INSERT INTO `market_user` (`name`,`password`,`is_sale`) VALUES ('glt','202cb962ac59075b964b07152d234b70',0) [ RunTime:0.120007s ]
ERR: 1062:Duplicate entry 'glt' for key 'name'
 [ SQL语句 ] : INSERT INTO `market_user` (`name`,`password`,`is_sale`) VALUES ('glt','202cb962ac59075b964b07152d234b70',0)
INFO: [ app_end ] --START--
INFO: Run Behavior\ShowPageTraceBehavior [ RunTime:0.001000s ]
INFO: [ app_end ] --END-- [ RunTime:0.001000s ]

[ 2017-11-21T19:11:23+08:00 ] 127.0.0.1 /market_test/Home/User/login/name/glt/password/123
INFO: [ app_init ] --START--
INFO: Run Behavior\BuildLiteBehavior [ RunTime:0.000000s ]
INFO: [ app_init ] --END-- [ RunTime:0.000000s ]
INFO: [ app_begin ] --START--
INFO: Run Behavior\ReadHtmlCacheBehavior [ RunTime:0.000000s ]
INFO: [ app_begin ] --END-- [ RunTime:0.000000s ]
NOTIC: [8192] mysql_connect(): The mysql extension is deprecated and will be removed in the future: use mysqli or PDO instead D:\genglintong\glt\market\market_test\ThinkPHP\Library\Think\Db\Driver\Mysql.class.php 第 52 行.
SQL: SHOW COLUMNS FROM `market_user` [ RunTime:0.043003s ]
SQL: INSERT INTO `market_user` (`name`,`password`,`is_sale`) VALUES ('glt','202cb962ac59075b964b07152d234b70',0) [ RunTime:0.356020s ]
ERR: 1062:Duplicate entry 'glt' for key 'name'
 [ SQL语句 ] : INSERT INTO `market_user` (`name`,`password`,`is_sale`) VALUES ('glt','202cb962ac59075b964b07152d234b70',0)

[ 2017-11-21T19:11:32+08:00 ] 127.0.0.1 /market_test/Home/User/login/name/gltt/password/123
INFO: [ app_init ] --START--
INFO: Run Behavior\BuildLiteBehavior [ RunTime:0.000000s ]
INFO: [ app_init ] --END-- [ RunTime:0.000000s ]
INFO: [ app_begin ] --START--
INFO: Run Behavior\ReadHtmlCacheBehavior [ RunTime:0.000000s ]
INFO: [ app_begin ] --END-- [ RunTime:0.000000s ]
NOTIC: [8192] mysql_connect(): The mysql extension is deprecated and will be removed in the future: use mysqli or PDO instead D:\genglintong\glt\market\market_test\ThinkPHP\Library\Think\Db\Driver\Mysql.class.php 第 52 行.
SQL: SHOW COLUMNS FROM `market_user` [ RunTime:0.043003s ]
SQL: INSERT INTO `market_user` (`name`,`password`,`is_sale`) VALUES ('gltt','202cb962ac59075b964b07152d234b70',0) [ RunTime:0.364021s ]

[ 2017-11-21T19:56:13+08:00 ] 127.0.0.1 /market_test/Home/User/logout/name/gltt/password/123
INFO: [ app_init ] --START--
INFO: Run Behavior\BuildLiteBehavior [ RunTime:0.000000s ]
INFO: [ app_init ] --END-- [ RunTime:0.001000s ]
INFO: [ app_begin ] --START--
INFO: Run Behavior\ReadHtmlCacheBehavior [ RunTime:0.001000s ]
INFO: [ app_begin ] --END-- [ RunTime:0.001000s ]
NOTIC: [8192] mysql_connect(): The mysql extension is deprecated and will be removed in the future: use mysqli or PDO instead D:\genglintong\glt\market\market_test\ThinkPHP\Library\Think\Db\Driver\Mysql.class.php 第 52 行.
SQL: SHOW COLUMNS FROM `market_user` [ RunTime:0.066004s ]
SQL: SELECT `name`,`password`,`is_sale` FROM `market_user` WHERE `name` = 'gltt'  [ RunTime:0.043003s ]
NOTIC: [8] Undefined index: password D:\genglintong\glt\market\market_test\Application\Home\Controller\UserController.class.php 第 70 行.
NOTIC: [8] Undefined variable: md5 D:\genglintong\glt\market\market_test\Application\Home\Controller\UserController.class.php 第 70 行.

[ 2017-11-21T19:57:08+08:00 ] 127.0.0.1 /market_test/Home/User/logout/name/gltt/password/123
INFO: [ app_init ] --START--
INFO: Run Behavior\BuildLiteBehavior [ RunTime:0.000000s ]
INFO: [ app_init ] --END-- [ RunTime:0.000000s ]
INFO: [ app_begin ] --START--
INFO: Run Behavior\ReadHtmlCacheBehavior [ RunTime:0.000000s ]
INFO: [ app_begin ] --END-- [ RunTime:0.000000s ]
NOTIC: [8192] mysql_connect(): The mysql extension is deprecated and will be removed in the future: use mysqli or PDO instead D:\genglintong\glt\market\market_test\ThinkPHP\Library\Think\Db\Driver\Mysql.class.php 第 52 行.
SQL: SHOW COLUMNS FROM `market_user` [ RunTime:0.042002s ]
SQL: SELECT `name`,`password`,`is_sale` FROM `market_user` WHERE `name` = 'gltt'  [ RunTime:0.042003s ]
NOTIC: [8] Undefined index: password D:\genglintong\glt\market\market_test\Application\Home\Controller\UserController.class.php 第 70 行.

[ 2017-11-21T19:57:25+08:00 ] 127.0.0.1 /market_test/Home/User/logout/name/gltt/password/123
INFO: [ app_init ] --START--
INFO: Run Behavior\BuildLiteBehavior [ RunTime:0.000000s ]
INFO: [ app_init ] --END-- [ RunTime:0.000000s ]
INFO: [ app_begin ] --START--
INFO: Run Behavior\ReadHtmlCacheBehavior [ RunTime:0.000000s ]
INFO: [ app_begin ] --END-- [ RunTime:0.001000s ]
NOTIC: [8192] mysql_connect(): The mysql extension is deprecated and will be removed in the future: use mysqli or PDO instead D:\genglintong\glt\market\market_test\ThinkPHP\Library\Think\Db\Driver\Mysql.class.php 第 52 行.
SQL: SHOW COLUMNS FROM `market_user` [ RunTime:0.042002s ]
SQL: SELECT `name`,`password`,`is_sale` FROM `market_user` WHERE `name` = 'gltt'  [ RunTime:0.046003s ]
NOTIC: [8] Undefined index: password D:\genglintong\glt\market\market_test\Application\Home\Controller\UserController.class.php 第 70 行.

[ 2017-11-21T19:57:50+08:00 ] 127.0.0.1 /market_test/Home/User/logout/name/gltt/password/123
INFO: [ app_init ] --START--
INFO: Run Behavior\BuildLiteBehavior [ RunTime:0.000000s ]
INFO: [ app_init ] --END-- [ RunTime:0.000000s ]
INFO: [ app_begin ] --START--
INFO: Run Behavior\ReadHtmlCacheBehavior [ RunTime:0.001000s ]
INFO: [ app_begin ] --END-- [ RunTime:0.001000s ]
NOTIC: [8192] mysql_connect(): The mysql extension is deprecated and will be removed in the future: use mysqli or PDO instead D:\genglintong\glt\market\market_test\ThinkPHP\Library\Think\Db\Driver\Mysql.class.php 第 52 行.
SQL: SHOW COLUMNS FROM `market_user` [ RunTime:0.045002s ]
SQL: SELECT `name`,`password`,`is_sale` FROM `market_user` WHERE `name` = 'gltt'  [ RunTime:0.054003s ]
NOTIC: [8] Undefined index: password D:\genglintong\glt\market\market_test\Application\Home\Controller\UserController.class.php 第 71 行.

[ 2017-11-21T19:58:28+08:00 ] 127.0.0.1 /market_test/Home/User/logout/name/gltt/password/123
INFO: [ app_init ] --START--
INFO: Run Behavior\BuildLiteBehavior [ RunTime:0.000000s ]
INFO: [ app_init ] --END-- [ RunTime:0.001000s ]
INFO: [ app_begin ] --START--
INFO: Run Behavior\ReadHtmlCacheBehavior [ RunTime:0.001000s ]
INFO: [ app_begin ] --END-- [ RunTime:0.001000s ]
NOTIC: [8192] mysql_connect(): The mysql extension is deprecated and will be removed in the future: use mysqli or PDO instead D:\genglintong\glt\market\market_test\ThinkPHP\Library\Think\Db\Driver\Mysql.class.php 第 52 行.
SQL: SHOW COLUMNS FROM `market_user` [ RunTime:0.048003s ]
SQL: SELECT `name`,`password`,`is_sale` FROM `market_user` WHERE `name` = 'gltt'  [ RunTime:0.044002s ]
NOTIC: [8] Undefined index: password D:\genglintong\glt\market\market_test\Application\Home\Controller\UserController.class.php 第 72 行.

[ 2017-11-21T19:59:50+08:00 ] 127.0.0.1 /market_test/Home/User/logoin/name/gltt/password/123
INFO: [ app_init ] --START--
INFO: Run Behavior\BuildLiteBehavior [ RunTime:0.000000s ]
INFO: [ app_init ] --END-- [ RunTime:0.001000s ]
INFO: [ app_begin ] --START--
INFO: Run Behavior\ReadHtmlCacheBehavior [ RunTime:0.000000s ]
INFO: [ app_begin ] --END-- [ RunTime:0.000000s ]
ERR: 非法操作:logoin

[ 2017-11-21T19:59:54+08:00 ] 127.0.0.1 /market_test/Home/User/login/name/gltt/password/123
INFO: [ app_init ] --START--
INFO: Run Behavior\BuildLiteBehavior [ RunTime:0.000000s ]
INFO: [ app_init ] --END-- [ RunTime:0.000000s ]
INFO: [ app_begin ] --START--
INFO: Run Behavior\ReadHtmlCacheBehavior [ RunTime:0.000000s ]
INFO: [ app_begin ] --END-- [ RunTime:0.000000s ]
NOTIC: [8192] mysql_connect(): The mysql extension is deprecated and will be removed in the future: use mysqli or PDO instead D:\genglintong\glt\market\market_test\ThinkPHP\Library\Think\Db\Driver\Mysql.class.php 第 52 行.
SQL: SHOW COLUMNS FROM `market_user` [ RunTime:0.043003s ]
SQL: INSERT INTO `market_user` (`name`,`password`,`is_sale`) VALUES ('gltt','202cb962ac59075b964b07152d234b70',0) [ RunTime:0.067004s ]

[ 2017-11-21T20:00:04+08:00 ] 127.0.0.1 /market_test/Home/User/logout/name/gltt/password/123
INFO: [ app_init ] --START--
INFO: Run Behavior\BuildLiteBehavior [ RunTime:0.000000s ]
INFO: [ app_init ] --END-- [ RunTime:0.000000s ]
INFO: [ app_begin ] --START--
INFO: Run Behavior\ReadHtmlCacheBehavior [ RunTime:0.001000s ]
INFO: [ app_begin ] --END-- [ RunTime:0.001000s ]
NOTIC: [8192] mysql_connect(): The mysql extension is deprecated and will be removed in the future: use mysqli or PDO instead D:\genglintong\glt\market\market_test\ThinkPHP\Library\Think\Db\Driver\Mysql.class.php 第 52 行.
SQL: SHOW COLUMNS FROM `market_user` [ RunTime:0.066004s ]
SQL: SELECT `name`,`password`,`is_sale` FROM `market_user` WHERE `name` = 'gltt'  [ RunTime:0.044003s ]
NOTIC: [8] Undefined index: password D:\genglintong\glt\market\market_test\Application\Home\Controller\UserController.class.php 第 72 行.

[ 2017-11-21T20:01:07+08:00 ] 127.0.0.1 /market_test/Home/User/logout/name/gltt/password/123
INFO: [ app_init ] --START--
INFO: Run Behavior\BuildLiteBehavior [ RunTime:0.000000s ]
INFO: [ app_init ] --END-- [ RunTime:0.000000s ]
INFO: [ app_begin ] --START--
INFO: Run Behavior\ReadHtmlCacheBehavior [ RunTime:0.001000s ]
INFO: [ app_begin ] --END-- [ RunTime:0.001000s ]
NOTIC: [8192] mysql_connect(): The mysql extension is deprecated and will be removed in the future: use mysqli or PDO instead D:\genglintong\glt\market\market_test\ThinkPHP\Library\Think\Db\Driver\Mysql.class.php 第 52 行.
SQL: SHOW COLUMNS FROM `market_user` [ RunTime:0.044002s ]
SQL: SELECT `name`,`password`,`is_sale` FROM `market_user` WHERE `name` = 'gltt'  [ RunTime:0.043002s ]
NOTIC: [8] Undefined index: password D:\genglintong\glt\market\market_test\Application\Home\Controller\UserController.class.php 第 72 行.

[ 2017-11-21T20:03:14+08:00 ] 127.0.0.1 /market_test/Home/User/logout/name/gltt/password/123
INFO: [ app_init ] --START--
INFO: Run Behavior\BuildLiteBehavior [ RunTime:0.000000s ]
INFO: [ app_init ] --END-- [ RunTime:0.000000s ]
INFO: [ app_begin ] --START--
INFO: Run Behavior\ReadHtmlCacheBehavior [ RunTime:0.000000s ]
INFO: [ app_begin ] --END-- [ RunTime:0.000000s ]
NOTIC: [8192] mysql_connect(): The mysql extension is deprecated and will be removed in the future: use mysqli or PDO instead D:\genglintong\glt\market\market_test\ThinkPHP\Library\Think\Db\Driver\Mysql.class.php 第 52 行.
SQL: SHOW COLUMNS FROM `market_user` [ RunTime:0.042002s ]
SQL: SELECT `name`,`password`,`is_sale` FROM `market_user` WHERE `name` = 'gltt'  [ RunTime:0.041002s ]
NOTIC: [8] Undefined index: password D:\genglintong\glt\market\market_test\Application\Home\Controller\UserController.class.php 第 72 行.

[ 2017-11-21T20:11:07+08:00 ] 127.0.0.1 /market_test/Home/User/logout/name/gltt/password/123
INFO: [ app_init ] --START--
INFO: Run Behavior\BuildLiteBehavior [ RunTime:0.000000s ]
INFO: [ app_init ] --END-- [ RunTime:0.001000s ]
INFO: [ app_begin ] --START--
INFO: Run Behavior\ReadHtmlCacheBehavior [ RunTime:0.001000s ]
INFO: [ app_begin ] --END-- [ RunTime:0.001000s ]
NOTIC: [8192] mysql_connect(): The mysql extension is deprecated and will be removed in the future: use mysqli or PDO instead D:\genglintong\glt\market\market_test\ThinkPHP\Library\Think\Db\Driver\Mysql.class.php 第 52 行.
SQL: SHOW COLUMNS FROM `market_user` [ RunTime:0.041003s ]
SQL: SELECT `name`,`password`,`is_sale` FROM `market_user` WHERE `name` = 'gltt' AND `password` = '202cb962ac59075b964b07152d234b70'  [ RunTime:0.042002s ]

[ 2017-11-21T20:11:08+08:00 ] 127.0.0.1 /market_test/Home/User/logout/name/gltt/password/123
INFO: [ app_init ] --START--
INFO: Run Behavior\BuildLiteBehavior [ RunTime:0.000000s ]
INFO: [ app_init ] --END-- [ RunTime:0.001000s ]
INFO: [ app_begin ] --START--
INFO: Run Behavior\ReadHtmlCacheBehavior [ RunTime:0.001000s ]
INFO: [ app_begin ] --END-- [ RunTime:0.001000s ]
NOTIC: [8192] mysql_connect(): The mysql extension is deprecated and will be removed in the future: use mysqli or PDO instead D:\genglintong\glt\market\market_test\ThinkPHP\Library\Think\Db\Driver\Mysql.class.php 第 52 行.
SQL: SHOW COLUMNS FROM `market_user` [ RunTime:0.042002s ]
SQL: SELECT `name`,`password`,`is_sale` FROM `market_user` WHERE `name` = 'gltt' AND `password` = '202cb962ac59075b964b07152d234b70'  [ RunTime:0.042002s ]

[ 2017-11-21T20:11:40+08:00 ] 127.0.0.1 /market_test/Home/User/logout/name/gltt/password/123
INFO: [ app_init ] --START--
INFO: Run Behavior\BuildLiteBehavior [ RunTime:0.000000s ]
INFO: [ app_init ] --END-- [ RunTime:0.000000s ]
INFO: [ app_begin ] --START--
INFO: Run Behavior\ReadHtmlCacheBehavior [ RunTime:0.001000s ]
INFO: [ app_begin ] --END-- [ RunTime:0.001000s ]
NOTIC: [8192] mysql_connect(): The mysql extension is deprecated and will be removed in the future: use mysqli or PDO instead D:\genglintong\glt\market\market_test\ThinkPHP\Library\Think\Db\Driver\Mysql.class.php 第 52 行.
SQL: SHOW COLUMNS FROM `market_user` [ RunTime:0.043003s ]
SQL: SELECT `name`,`is_sale` FROM `market_user` WHERE `name` = 'gltt' AND `password` = '202cb962ac59075b964b07152d234b70'  [ RunTime:0.043002s ]

[ 2017-11-21T20:11:41+08:00 ] 127.0.0.1 /market_test/Home/User/logout/name/gltt/password/123
INFO: [ app_init ] --START--
INFO: Run Behavior\BuildLiteBehavior [ RunTime:0.001000s ]
INFO: [ app_init ] --END-- [ RunTime:0.002000s ]
INFO: [ app_begin ] --START--
INFO: Run Behavior\ReadHtmlCacheBehavior [ RunTime:0.000000s ]
INFO: [ app_begin ] --END-- [ RunTime:0.000000s ]
NOTIC: [8192] mysql_connect(): The mysql extension is deprecated and will be removed in the future: use mysqli or PDO instead D:\genglintong\glt\market\market_test\ThinkPHP\Library\Think\Db\Driver\Mysql.class.php 第 52 行.
SQL: SHOW COLUMNS FROM `market_user` [ RunTime:0.044003s ]
SQL: SELECT `name`,`is_sale` FROM `market_user` WHERE `name` = 'gltt' AND `password` = '202cb962ac59075b964b07152d234b70'  [ RunTime:0.043002s ]

[ 2017-11-21T20:11:57+08:00 ] 127.0.0.1 /market_test/Home/User/logout/name/gltt/password/123
INFO: [ app_init ] --START--
INFO: Run Behavior\BuildLiteBehavior [ RunTime:0.000000s ]
INFO: [ app_init ] --END-- [ RunTime:0.000000s ]
INFO: [ app_begin ] --START--
INFO: Run Behavior\ReadHtmlCacheBehavior [ RunTime:0.000000s ]
INFO: [ app_begin ] --END-- [ RunTime:0.000000s ]
NOTIC: [8192] mysql_connect(): The mysql extension is deprecated and will be removed in the future: use mysqli or PDO instead D:\genglintong\glt\market\market_test\ThinkPHP\Library\Think\Db\Driver\Mysql.class.php 第 52 行.
SQL: SHOW COLUMNS FROM `market_user` [ RunTime:0.043002s ]
SQL: SELECT `name`,`vol`,`is_sale` FROM `market_user` WHERE `name` = 'gltt' AND `password` = '202cb962ac59075b964b07152d234b70'  [ RunTime:0.042003s ]

[ 2017-11-21T20:11:59+08:00 ] 127.0.0.1 /market_test/Home/User/logout/name/gltt/password/123
INFO: [ app_init ] --START--
INFO: Run Behavior\BuildLiteBehavior [ RunTime:0.000000s ]
INFO: [ app_init ] --END-- [ RunTime:0.000000s ]
INFO: [ app_begin ] --START--
INFO: Run Behavior\ReadHtmlCacheBehavior [ RunTime:0.000000s ]
INFO: [ app_begin ] --END-- [ RunTime:0.000000s ]
NOTIC: [8192] mysql_connect(): The mysql extension is deprecated and will be removed in the future: use mysqli or PDO instead D:\genglintong\glt\market\market_test\ThinkPHP\Library\Think\Db\Driver\Mysql.class.php 第 52 行.
SQL: SHOW COLUMNS FROM `market_user` [ RunTime:0.041003s ]
SQL: SELECT `name`,`vol`,`is_sale` FROM `market_user` WHERE `name` = 'gltt' AND `password` = '202cb962ac59075b964b07152d234b70'  [ RunTime:0.041002s ]

[ 2017-11-21T21:23:49+08:00 ] 127.0.0.1 /market_test/Home/Goods/search
INFO: [ app_init ] --START--
INFO: Run Behavior\BuildLiteBehavior [ RunTime:0.000000s ]
INFO: [ app_init ] --END-- [ RunTime:0.000000s ]
INFO: [ app_begin ] --START--
INFO: Run Behavior\ReadHtmlCacheBehavior [ RunTime:0.000000s ]
INFO: [ app_begin ] --END-- [ RunTime:0.000000s ]
NOTIC: [8192] mysql_connect(): The mysql extension is deprecated and will be removed in the future: use mysqli or PDO instead D:\genglintong\glt\market\market_test\ThinkPHP\Library\Think\Db\Driver\Mysql.class.php 第 52 行.
SQL: SHOW COLUMNS FROM `market_goods` [ RunTime:0.041002s ]
SQL: SELECT `id`,`title`,`price`,`overplus`,`desc`,`user_id`,`type` FROM `market_goods` LIMIT 0,10   [ RunTime:0.040003s ]

[ 2017-11-21T21:24:42+08:00 ] 127.0.0.1 /market_test/Home/Goods/search
INFO: [ app_init ] --START--
INFO: Run Behavior\BuildLiteBehavior [ RunTime:0.000000s ]
INFO: [ app_init ] --END-- [ RunTime:0.001000s ]
INFO: [ app_begin ] --START--
INFO: Run Behavior\ReadHtmlCacheBehavior [ RunTime:0.001000s ]
INFO: [ app_begin ] --END-- [ RunTime:0.001000s ]
NOTIC: [8192] mysql_connect(): The mysql extension is deprecated and will be removed in the future: use mysqli or PDO instead D:\genglintong\glt\market\market_test\ThinkPHP\Library\Think\Db\Driver\Mysql.class.php 第 52 行.
SQL: SHOW COLUMNS FROM `market_goods` [ RunTime:0.042003s ]
SQL: SELECT `id`,`title`,`price`,`overplus`,`desc`,`user_id`,`type` FROM `market_goods` LIMIT 0,10   [ RunTime:0.043002s ]

[ 2017-11-21T21:25:14+08:00 ] 127.0.0.1 /market_test/Home/Goods/search
INFO: [ app_init ] --START--
INFO: Run Behavior\BuildLiteBehavior [ RunTime:0.000000s ]
INFO: [ app_init ] --END-- [ RunTime:0.000000s ]
INFO: [ app_begin ] --START--
INFO: Run Behavior\ReadHtmlCacheBehavior [ RunTime:0.001000s ]
INFO: [ app_begin ] --END-- [ RunTime:0.001000s ]
NOTIC: [8192] mysql_connect(): The mysql extension is deprecated and will be removed in the future: use mysqli or PDO instead D:\genglintong\glt\market\market_test\ThinkPHP\Library\Think\Db\Driver\Mysql.class.php 第 52 行.
SQL: SHOW COLUMNS FROM `market_goods` [ RunTime:0.042003s ]
SQL: SELECT `id`,`title`,`price`,`overplus`,`desc`,`user_id`,`type` FROM `market_goods` LIMIT 0,10   [ RunTime:0.040002s ]

[ 2017-11-21T21:26:26+08:00 ] 127.0.0.1 /market_test/Home/Goods/search/pn/2/type/hhh/title/ss/price/-1/vol/-2
INFO: [ app_init ] --START--
INFO: Run Behavior\BuildLiteBehavior [ RunTime:0.000000s ]
INFO: [ app_init ] --END-- [ RunTime:0.000000s ]
INFO: [ app_begin ] --START--
INFO: Run Behavior\ReadHtmlCacheBehavior [ RunTime:0.000000s ]
INFO: [ app_begin ] --END-- [ RunTime:0.000000s ]
NOTIC: [8192] mysql_connect(): The mysql extension is deprecated and will be removed in the future: use mysqli or PDO instead D:\genglintong\glt\market\market_test\ThinkPHP\Library\Think\Db\Driver\Mysql.class.php 第 52 行.
SQL: SHOW COLUMNS FROM `market_goods` [ RunTime:0.042002s ]
SQL: SELECT `id`,`title`,`price`,`overplus`,`desc`,`user_id`,`type` FROM `market_goods` WHERE `type` = 'hhh' AND `title` LIKE '%ss%' ORDER BY `price` asc,`vol` desc LIMIT 2,10   [ RunTime:0.123007s ]
ERR: 1054:Unknown column 'vol' in 'order clause'
 [ SQL语句 ] : SELECT `id`,`title`,`price`,`overplus`,`desc`,`user_id`,`type` FROM `market_goods` WHERE `type` = 'hhh' AND `title` LIKE '%ss%' ORDER BY `price` asc,`vol` desc LIMIT 2,10  

[ 2017-11-21T21:33:41+08:00 ] 127.0.0.1 /market_test/Home/Goods/search/pn/2/type/hhh/title/ss/price/-1/vol/-2
INFO: [ app_init ] --START--
INFO: Run Behavior\BuildLiteBehavior [ RunTime:0.000000s ]
INFO: [ app_init ] --END-- [ RunTime:0.001000s ]
INFO: [ app_begin ] --START--
INFO: Run Behavior\ReadHtmlCacheBehavior [ RunTime:0.001000s ]
INFO: [ app_begin ] --END-- [ RunTime:0.001000s ]
NOTIC: [8192] mysql_connect(): The mysql extension is deprecated and will be removed in the future: use mysqli or PDO instead D:\genglintong\glt\market\market_test\ThinkPHP\Library\Think\Db\Driver\Mysql.class.php 第 52 行.
SQL: SHOW COLUMNS FROM `market_goods` [ RunTime:0.044003s ]
SQL: SELECT `id`,`title`,`price`,`overplus`,`desc`,`user_id`,`type` FROM `market_goods` WHERE `type` = 'hhh' AND `title` LIKE '%ss%' ORDER BY `price` asc,`vol` desc LIMIT 2,10   [ RunTime:0.041002s ]
ERR: 1054:Unknown column 'vol' in 'order clause'
 [ SQL语句 ] : SELECT `id`,`title`,`price`,`overplus`,`desc`,`user_id`,`type` FROM `market_goods` WHERE `type` = 'hhh' AND `title` LIKE '%ss%' ORDER BY `price` asc,`vol` desc LIMIT 2,10  

[ 2017-11-21T21:33:42+08:00 ] 127.0.0.1 /market_test/Home/Goods/search/pn/2/type/hhh/title/ss/price/-1/vol/-2
INFO: [ app_init ] --START--
INFO: Run Behavior\BuildLiteBehavior [ RunTime:0.000000s ]
INFO: [ app_init ] --END-- [ RunTime:0.001000s ]
INFO: [ app_begin ] --START--
INFO: Run Behavior\ReadHtmlCacheBehavior [ RunTime:0.001000s ]
INFO: [ app_begin ] --END-- [ RunTime:0.001000s ]
NOTIC: [8192] mysql_connect(): The mysql extension is deprecated and will be removed in the future: use mysqli or PDO instead D:\genglintong\glt\market\market_test\ThinkPHP\Library\Think\Db\Driver\Mysql.class.php 第 52 行.
SQL: SHOW COLUMNS FROM `market_goods` [ RunTime:0.041003s ]
SQL: SELECT `id`,`title`,`price`,`overplus`,`desc`,`user_id`,`type` FROM `market_goods` WHERE `type` = 'hhh' AND `title` LIKE '%ss%' ORDER BY `price` asc,`vol` desc LIMIT 2,10   [ RunTime:0.040002s ]
ERR: 1054:Unknown column 'vol' in 'order clause'
 [ SQL语句 ] : SELECT `id`,`title`,`price`,`overplus`,`desc`,`user_id`,`type` FROM `market_goods` WHERE `type` = 'hhh' AND `title` LIKE '%ss%' ORDER BY `price` asc,`vol` desc LIMIT 2,10  

