[ 2017-12-25T10:51:23+08:00 ] ::1 /market/
INFO: [ app_init ] --START--
INFO: Run Behavior\BuildLiteBehavior [ RunTime:0.000012s ]
INFO: [ app_init ] --END-- [ RunTime:0.000533s ]
INFO: [ app_begin ] --START--
INFO: Run Behavior\ReadHtmlCacheBehavior [ RunTime:0.001054s ]
INFO: [ app_begin ] --END-- [ RunTime:0.001128s ]
NOTIC: [8] Undefined variable: sex D:\WWW\market\Application\Home\Controller\IndexController.class.php 第 19 行.

[ 2017-12-25T10:51:30+08:00 ] ::1 /market/index.php/home/index
INFO: [ app_init ] --START--
INFO: Run Behavior\BuildLiteBehavior [ RunTime:0.000015s ]
INFO: [ app_init ] --END-- [ RunTime:0.000800s ]
INFO: [ app_begin ] --START--
INFO: Run Behavior\ReadHtmlCacheBehavior [ RunTime:0.001016s ]
INFO: [ app_begin ] --END-- [ RunTime:0.001097s ]
NOTIC: [8] Undefined variable: sex D:\WWW\market\Application\Home\Controller\IndexController.class.php 第 19 行.

[ 2017-12-25T10:51:40+08:00 ] ::1 /market/index.php/home/goods
INFO: [ app_init ] --START--
INFO: Run Behavior\BuildLiteBehavior [ RunTime:0.000014s ]
INFO: [ app_init ] --END-- [ RunTime:0.000566s ]
INFO: [ app_begin ] --START--
INFO: Run Behavior\ReadHtmlCacheBehavior [ RunTime:0.001122s ]
INFO: [ app_begin ] --END-- [ RunTime:0.001195s ]
ERR: 非法操作:index

[ 2017-12-25T10:51:51+08:00 ] ::1 /market/index.php/home/goods/searchGoods
INFO: [ app_init ] --START--
INFO: Run Behavior\BuildLiteBehavior [ RunTime:0.000018s ]
INFO: [ app_init ] --END-- [ RunTime:0.000950s ]
INFO: [ app_begin ] --START--
INFO: Run Behavior\ReadHtmlCacheBehavior [ RunTime:0.000957s ]
INFO: [ app_begin ] --END-- [ RunTime:0.001033s ]
NOTIC: [8192] mysql_connect(): The mysql extension is deprecated and will be removed in the future: use mysqli or PDO instead D:\WWW\market\ThinkPHP\Library\Think\Db\Driver\Mysql.class.php 第 52 行.
SQL: SHOW COLUMNS FROM `market_goods` [ RunTime:0.233582s ]
SQL: SELECT `id`,`title`,`price`,`overplus`,`intro`,`user_id`,`type` FROM `market_goods` LIMIT 0,10   [ RunTime:0.201304s ]

[ 2017-12-25T11:29:58+08:00 ] ::1 /market/index.php/home/index
INFO: [ app_init ] --START--
INFO: Run Behavior\BuildLiteBehavior [ RunTime:0.000011s ]
INFO: [ app_init ] --END-- [ RunTime:0.000513s ]
INFO: [ app_begin ] --START--
INFO: Run Behavior\ReadHtmlCacheBehavior [ RunTime:0.001290s ]
INFO: [ app_begin ] --END-- [ RunTime:0.001388s ]
NOTIC: [8] Undefined variable: sex D:\WWW\market\Application\Home\Controller\IndexController.class.php 第 19 行.

[ 2017-12-25T11:32:49+08:00 ] ::1 /market/index.php/home/index
INFO: [ app_init ] --START--
INFO: Run Behavior\BuildLiteBehavior [ RunTime:0.000012s ]
INFO: [ app_init ] --END-- [ RunTime:0.000498s ]
INFO: [ app_begin ] --START--
INFO: Run Behavior\ReadHtmlCacheBehavior [ RunTime:0.001116s ]
INFO: [ app_begin ] --END-- [ RunTime:0.001188s ]
NOTIC: [8] Undefined variable: sex D:\WWW\market\Application\Home\Controller\IndexController.class.php 第 19 行.

[ 2017-12-25T11:32:54+08:00 ] ::1 /market/index.php/home/goods/searchGoods
INFO: [ app_init ] --START--
INFO: Run Behavior\BuildLiteBehavior [ RunTime:0.000012s ]
INFO: [ app_init ] --END-- [ RunTime:0.000382s ]
INFO: [ app_begin ] --START--
INFO: Run Behavior\ReadHtmlCacheBehavior [ RunTime:0.000660s ]
INFO: [ app_begin ] --END-- [ RunTime:0.000723s ]
NOTIC: [8192] mysql_connect(): The mysql extension is deprecated and will be removed in the future: use mysqli or PDO instead D:\WWW\market\ThinkPHP\Library\Think\Db\Driver\Mysql.class.php 第 52 行.
SQL: SHOW COLUMNS FROM `market_goods` [ RunTime:0.042712s ]
SQL: SELECT `id`,`title`,`price`,`overplus`,`intro`,`user_id`,`type` FROM `market_goods` LIMIT 0,10   [ RunTime:0.052460s ]

